<?xml version="1.0" encoding="UTF-8"?>
<!-- Generated by org.testng.reporters.JUnitReportReporter -->
<testsuite skipped="0" hostname="LAPTOP-5MAFJ0A7" name="Pages.HomePage" tests="1" failures="0" timestamp="11 May 2019 20:38:37 GMT" time="30.112" errors="0">
  <testcase name="TestingTravelWebsite" time="30.112" classname="Pages.HomePage"/>
</testsuite> <!-- Pages.HomePage -->
